This is pdfTeX, Version 3.14159265-2.6-1.40.21 (MiKTeX 20.7) (preloaded format=pdflatex 2020.9.19)  17 JUL 2021 20:41
entering extended mode
**./thesis.tex
(thesis.tex
LaTeX2e <2020-02-02> patch level 5
L3 programming layer <2020-09-03> (mythesis.cls
Document Class: mythesis 2000/05/19 v1.4b Standard LaTeX document class
("C:\Users\yicha\AppData\Local\Programs\MiKTeX 2.9\tex/latex/base\bk12.clo"
File: bk12.clo 2019/12/20 v1.4l Standard LaTeX file (size option)
)
\c@part=\count168
\c@chapter=\count169
\c@section=\count170
\c@subsection=\count171
\c@subsubsection=\count172
\c@paragraph=\count173
\c@subparagraph=\count174
\c@figure=\count175
\c@table=\count176
\abovecaptionskip=\skip47
\belowcaptionskip=\skip48
\bibindent=\dimen134
)
\@input{macros.aux}
\openout2 = `macros.aux'.

(macros.tex
("C:\Users\yicha\AppData\Local\Programs\MiKTeX 2.9\tex/latex/lm\lmodern.sty"
Package: lmodern 2009/10/30 v1.6 Latin Modern Fonts
LaTeX Font Info:    Overwriting symbol font `operators' in version `normal'
(Font)                  OT1/cmr/m/n --> OT1/lmr/m/n on input line 22.
LaTeX Font Info:    Overwriting symbol font `letters' in version `normal'
(Font)                  OML/cmm/m/it --> OML/lmm/m/it on input line 23.
LaTeX Font Info:    Overwriting symbol font `symbols' in version `normal'
(Font)                  OMS/cmsy/m/n --> OMS/lmsy/m/n on input line 24.
LaTeX Font Info:    Overwriting symbol font `largesymbols' in version `normal'
(Font)                  OMX/cmex/m/n --> OMX/lmex/m/n on input line 25.
LaTeX Font Info:    Overwriting symbol font `operators' in version `bold'
(Font)                  OT1/cmr/bx/n --> OT1/lmr/bx/n on input line 26.
LaTeX Font Info:    Overwriting symbol font `letters' in version `bold'
(Font)                  OML/cmm/b/it --> OML/lmm/b/it on input line 27.
LaTeX Font Info:    Overwriting symbol font `symbols' in version `bold'
(Font)                  OMS/cmsy/b/n --> OMS/lmsy/b/n on input line 28.
LaTeX Font Info:    Overwriting symbol font `largesymbols' in version `bold'
(Font)                  OMX/cmex/m/n --> OMX/lmex/m/n on input line 29.
LaTeX Font Info:    Overwriting math alphabet `\mathbf' in version `normal'
(Font)                  OT1/cmr/bx/n --> OT1/lmr/bx/n on input line 31.
LaTeX Font Info:    Overwriting math alphabet `\mathsf' in version `normal'
(Font)                  OT1/cmss/m/n --> OT1/lmss/m/n on input line 32.
LaTeX Font Info:    Overwriting math alphabet `\mathit' in version `normal'
(Font)                  OT1/cmr/m/it --> OT1/lmr/m/it on input line 33.
LaTeX Font Info:    Overwriting math alphabet `\mathtt' in version `normal'
(Font)                  OT1/cmtt/m/n --> OT1/lmtt/m/n on input line 34.
LaTeX Font Info:    Overwriting math alphabet `\mathbf' in version `bold'
(Font)                  OT1/cmr/bx/n --> OT1/lmr/bx/n on input line 35.
LaTeX Font Info:    Overwriting math alphabet `\mathsf' in version `bold'
(Font)                  OT1/cmss/bx/n --> OT1/lmss/bx/n on input line 36.
LaTeX Font Info:    Overwriting math alphabet `\mathit' in version `bold'
(Font)                  OT1/cmr/bx/it --> OT1/lmr/bx/it on input line 37.
LaTeX Font Info:    Overwriting math alphabet `\mathtt' in version `bold'
(Font)                  OT1/cmtt/m/n --> OT1/lmtt/m/n on input line 38.
)
("C:\Users\yicha\AppData\Local\Programs\MiKTeX 2.9\tex/latex/tocbibind\tocbibin
d.sty"
Package: tocbibind 2010/10/13 v1.5k extra ToC listings
Package tocbibind Info: The document has chapter divisions on input line 50.


Package tocbibind Note: Using chapter style headings, unless overridden.

) ("C:\Users\yicha\AppData\Local\Programs\MiKTeX 2.9\tex/latex/float\float.sty"
Package: float 2001/11/08 v1.3d Float enhancements (AL)
\c@float@type=\count177
\float@exts=\toks15
\float@box=\box45
\@float@everytoks=\toks16
\@floatcapt=\box46
)
("C:\Users\yicha\AppData\Local\Programs\MiKTeX 2.9\tex/latex/graphics\lscape.st
y"
Package: lscape 2000/10/22 v3.01 Landscape Pages (DPC)

("C:\Users\yicha\AppData\Local\Programs\MiKTeX 2.9\tex/latex/graphics\graphics.
sty"
Package: graphics 2019/11/30 v1.4a Standard LaTeX Graphics (DPC,SPQR)

("C:\Users\yicha\AppData\Local\Programs\MiKTeX 2.9\tex/latex/graphics\trig.sty"
Package: trig 2016/01/03 v1.10 sin cos tan (DPC)
)
("C:\Users\yicha\AppData\Local\Programs\MiKTeX 2.9\tex/latex/graphics-cfg\graph
ics.cfg"
File: graphics.cfg 2016/06/04 v1.11 sample graphics configuration
)
Package graphics Info: Driver file: pdftex.def on input line 105.

("C:\Users\yicha\AppData\Local\Programs\MiKTeX 2.9\tex/latex/graphics-def\pdfte
x.def"
File: pdftex.def 2020/08/26 v1.2 Graphics/color driver for pdftex
)))
("C:\Users\yicha\AppData\Local\Programs\MiKTeX 2.9\tex/latex/makecell\makecell.
sty"
Package: makecell 2009/08/03 V0.1e Managing of Tab Column Heads and Cells

("C:\Users\yicha\AppData\Local\Programs\MiKTeX 2.9\tex/latex/tools\array.sty"
Package: array 2019/08/31 v2.4l Tabular extension package (FMi)
\col@sep=\dimen135
\ar@mcellbox=\box47
\extrarowheight=\dimen136
\NC@list=\toks17
\extratabsurround=\skip49
\backup@length=\skip50
\ar@cellbox=\box48
)
\rotheadsize=\dimen137
\c@nlinenum=\count178
\TeXr@lab=\toks18
)
("C:\Users\yicha\AppData\Local\Programs\MiKTeX 2.9\tex/latex/sidecap\sidecap.st
y"
Package: sidecap 2003/06/06 v1.6f SideCap Package (RN/HjG)
 ("C:\Users\yicha\AppData\Local\Programs\MiKTeX 2.9\tex/latex/base\ifthen.sty"
Package: ifthen 2014/09/29 v1.1c Standard LaTeX ifthen package (DPC)
)
\SC@BOXWD=\dimen138
\SC@CAPWD=\dimen139
\SC@tempdima=\dimen140
\SC@tempdimb=\dimen141
\c@SC@C=\count179
\SC@BOX=\box49
)
("C:\Users\yicha\AppData\Local\Programs\MiKTeX 2.9\tex/latex/algorithm2e\algori
thm2e.sty"
Package: algorithm2e 2017/07/18 v5.2 algorithms environments
\c@AlgoLine=\count180
\algocf@hangindent=\skip51

("C:\Users\yicha\AppData\Local\Programs\MiKTeX 2.9\tex/latex/ifoddpage\ifoddpag
e.sty"
Package: ifoddpage 2016/04/23 v1.1 Conditionals for odd/even page detection
\c@checkoddpage=\count181
)
("C:\Users\yicha\AppData\Local\Programs\MiKTeX 2.9\tex/latex/tools\xspace.sty"
Package: xspace 2014/10/28 v1.13 Space after command names (DPC,MH)
)
("C:\Users\yicha\AppData\Local\Programs\MiKTeX 2.9\tex/latex/relsize\relsize.st
y"
Package: relsize 2013/03/29 ver 4.1
)
\skiptotal=\skip52
\skiplinenumber=\skip53
\skiprule=\skip54
\skiphlne=\skip55
\skiptext=\skip56
\skiplength=\skip57
\algomargin=\skip58
\skipalgocfslide=\skip59
\algowidth=\dimen142
\inoutsize=\dimen143
\inoutindent=\dimen144
\interspacetitleruled=\dimen145
\interspacealgoruled=\dimen146
\interspacetitleboxruled=\dimen147
\algocf@ruledwidth=\skip60
\algocf@inoutbox=\box50
\algocf@inputbox=\box51
\AlCapSkip=\skip61
\AlCapHSkip=\skip62
\algoskipindent=\skip63
\algocf@nlbox=\box52
\algocf@hangingbox=\box53
\algocf@untilbox=\box54
\algocf@skipuntil=\skip64
\algocf@capbox=\box55
\algocf@lcaptionbox=\skip65
\algoheightruledefault=\skip66
\algoheightrule=\skip67
\algotitleheightruledefault=\skip68
\algotitleheightrule=\skip69
\c@algocfline=\count182
\c@algocfproc=\count183
\c@algocf=\count184
\algocf@algoframe=\box56
\algocf@algobox=\box57
)
("C:\Users\yicha\AppData\Local\Programs\MiKTeX 2.9\tex/latex/algorithms\algorit
hmic.sty"
Package: algorithmic 2009/08/24 v0.1 Document Style `algorithmic'

("C:\Users\yicha\AppData\Local\Programs\MiKTeX 2.9\tex/latex/graphics\keyval.st
y"
Package: keyval 2014/10/28 v1.15 key=value parser (DPC)
\KV@toks@=\toks19
)
\c@ALC@unique=\count185
\c@ALC@line=\count186
\c@ALC@rem=\count187
\c@ALC@depth=\count188
\ALC@tlm=\skip70
\algorithmicindent=\skip71
)
("C:\Users\yicha\AppData\Local\Programs\MiKTeX 2.9\tex/latex/booktabs\booktabs.
sty"
Package: booktabs 2020/01/12 v1.61803398 Publication quality tables
\heavyrulewidth=\dimen148
\lightrulewidth=\dimen149
\cmidrulewidth=\dimen150
\belowrulesep=\dimen151
\belowbottomsep=\dimen152
\aboverulesep=\dimen153
\abovetopsep=\dimen154
\cmidrulesep=\dimen155
\cmidrulekern=\dimen156
\defaultaddspace=\dimen157
\@cmidla=\count189
\@cmidlb=\count190
\@aboverulesep=\dimen158
\@belowrulesep=\dimen159
\@thisruleclass=\count191
\@lastruleclass=\count192
\@thisrulewidth=\dimen160
)
("C:\Users\yicha\AppData\Local\Programs\MiKTeX 2.9\tex/latex/multirow\multirow.
sty"
Package: multirow 2019/05/31 v2.5 Span multiple rows of a table
\multirow@colwidth=\skip72
\multirow@cntb=\count193
\multirow@dima=\skip73
\bigstrutjot=\dimen161
)
("C:\Users\yicha\AppData\Local\Programs\MiKTeX 2.9\tex/latex/graphics\rotating.
sty"
Package: rotating 2016/08/11 v2.16d rotated objects in LaTeX

("C:\Users\yicha\AppData\Local\Programs\MiKTeX 2.9\tex/latex/graphics\graphicx.
sty"
Package: graphicx 2019/11/30 v1.2a Enhanced LaTeX Graphics (DPC,SPQR)
\Gin@req@height=\dimen162
\Gin@req@width=\dimen163
)
\c@r@tfl@t=\count194
\rotFPtop=\skip74
\rotFPbot=\skip75
\rot@float@box=\box58
\rot@mess@toks=\toks20
)
("C:\Users\yicha\AppData\Local\Programs\MiKTeX 2.9\tex/latex/colortbl\colortbl.
sty"
Package: colortbl 2020/01/04 v1.0e Color table columns (DPC)

("C:\Users\yicha\AppData\Local\Programs\MiKTeX 2.9\tex/latex/graphics\color.sty
"
Package: color 2019/11/23 v1.2a Standard LaTeX Color (DPC)

("C:\Users\yicha\AppData\Local\Programs\MiKTeX 2.9\tex/latex/graphics-cfg\color
.cfg"
File: color.cfg 2016/01/02 v1.6 sample color configuration
)
Package color Info: Driver file: pdftex.def on input line 147.
)
\everycr=\toks21
\minrowclearance=\skip76
)
("C:\Users\yicha\AppData\Local\Programs\MiKTeX 2.9\tex/latex/paralist\paralist.
sty"
Package: paralist 2017/01/22 v2.7 Extended list environments
\pltopsep=\skip77
\plpartopsep=\skip78
\plitemsep=\skip79
\plparsep=\skip80
\pl@lab=\toks22
)
("C:\Users\yicha\AppData\Local\Programs\MiKTeX 2.9\tex/latex/enumitem\enumitem.
sty"
Package: enumitem 2019/06/20 v3.9 Customized lists
\labelindent=\skip81
\enit@outerparindent=\dimen164
\enit@toks=\toks23
\enit@inbox=\box59
\enit@count@id=\count195
\enitdp@description=\count196
) ("C:\Users\yicha\AppData\Local\Programs\MiKTeX 2.9\tex/latex/tools\bm.sty"
Package: bm 2019/07/24 v1.2d Bold Symbol Support (DPC/FMi)
\symboldoperators=\mathgroup4
\symboldletters=\mathgroup5
\symboldsymbols=\mathgroup6
LaTeX Font Info:    Redeclaring math alphabet \mathbf on input line 141.
LaTeX Info: Redefining \bm on input line 209.
)
("C:\Users\yicha\AppData\Local\Programs\MiKTeX 2.9\tex/latex/graphics\epsfig.st
y"
Package: epsfig 2017/06/25 v1.7b (e)psfig emulation (SPQR)
\epsfxsize=\dimen165
\epsfysize=\dimen166
)
("C:\Users\yicha\AppData\Local\Programs\MiKTeX 2.9\tex/latex/psnfss\times.sty"
Package: times 2020/03/25 PSNFSS-v9.3 (SPQR) 
)
("C:\Users\yicha\AppData\Local\Programs\MiKTeX 2.9\tex/latex/mathtools\mathtool
s.sty"
Package: mathtools 2020/03/24 v1.24 mathematical typesetting tools

("C:\Users\yicha\AppData\Local\Programs\MiKTeX 2.9\tex/latex/tools\calc.sty"
Package: calc 2017/05/25 v4.3 Infix arithmetic (KKT,FJ)
\calc@Acount=\count197
\calc@Bcount=\count198
\calc@Adimen=\dimen167
\calc@Bdimen=\dimen168
\calc@Askip=\skip82
\calc@Bskip=\skip83
LaTeX Info: Redefining \setlength on input line 80.
LaTeX Info: Redefining \addtolength on input line 81.
\calc@Ccount=\count199
\calc@Cskip=\skip84
)
("C:\Users\yicha\AppData\Local\Programs\MiKTeX 2.9\tex/latex/mathtools\mhsetup.
sty"
Package: mhsetup 2017/03/31 v1.3 programming setup (MH)
)
("C:\Users\yicha\AppData\Local\Programs\MiKTeX 2.9\tex/latex/amsmath\amsmath.st
y"
Package: amsmath 2020/01/20 v2.17e AMS math features
\@mathmargin=\skip85

For additional information on amsmath, use the `?' option.

("C:\Users\yicha\AppData\Local\Programs\MiKTeX 2.9\tex/latex/amsmath\amstext.st
y"
Package: amstext 2000/06/29 v2.01 AMS text

("C:\Users\yicha\AppData\Local\Programs\MiKTeX 2.9\tex/latex/amsmath\amsgen.sty
"
File: amsgen.sty 1999/11/30 v2.0 generic functions
\@emptytoks=\toks24
\ex@=\dimen169
))
("C:\Users\yicha\AppData\Local\Programs\MiKTeX 2.9\tex/latex/amsmath\amsbsy.sty
"
Package: amsbsy 1999/11/29 v1.2d Bold Symbols
LaTeX Info: Redefining \boldsymbol on input line 28.
\pmbraise@=\dimen170
)
("C:\Users\yicha\AppData\Local\Programs\MiKTeX 2.9\tex/latex/amsmath\amsopn.sty
"
Package: amsopn 2016/03/08 v2.02 operator names
)
\inf@bad=\count266
LaTeX Info: Redefining \frac on input line 227.
\uproot@=\count267
\leftroot@=\count268
LaTeX Info: Redefining \overline on input line 389.
\classnum@=\count269
\DOTSCASE@=\count270
LaTeX Info: Redefining \ldots on input line 486.
LaTeX Info: Redefining \dots on input line 489.
LaTeX Info: Redefining \cdots on input line 610.
\Mathstrutbox@=\box60
\strutbox@=\box61
\big@size=\dimen171
LaTeX Font Info:    Redeclaring font encoding OML on input line 733.
LaTeX Font Info:    Redeclaring font encoding OMS on input line 734.
\macc@depth=\count271
\c@MaxMatrixCols=\count272
\dotsspace@=\muskip16
\c@parentequation=\count273
\dspbrk@lvl=\count274
\tag@help=\toks25
\row@=\count275
\column@=\count276
\maxfields@=\count277
\andhelp@=\toks26
\eqnshift@=\dimen172
\alignsep@=\dimen173
\tagshift@=\dimen174
\tagwidth@=\dimen175
\totwidth@=\dimen176
\lineht@=\dimen177
\@envbody=\toks27
\multlinegap=\skip86
\multlinetaggap=\skip87
\mathdisplay@stack=\toks28
LaTeX Info: Redefining \[ on input line 2859.
LaTeX Info: Redefining \] on input line 2860.
)
LaTeX Info: Thecontrolsequence`\('isalreadyrobust on input line 130.
LaTeX Info: Thecontrolsequence`\)'isalreadyrobust on input line 130.
LaTeX Info: Thecontrolsequence`\['isalreadyrobust on input line 130.
LaTeX Info: Thecontrolsequence`\]'isalreadyrobust on input line 130.
\g_MT_multlinerow_int=\count278
\l_MT_multwidth_dim=\dimen178
\origjot=\skip88
\l_MT_shortvdotswithinadjustabove_dim=\dimen179
\l_MT_shortvdotswithinadjustbelow_dim=\dimen180
\l_MT_above_intertext_sep=\dimen181
\l_MT_below_intertext_sep=\dimen182
\l_MT_above_shortintertext_sep=\dimen183
\l_MT_below_shortintertext_sep=\dimen184
\xmathstrut@box=\box62
\xmathstrut@dim=\dimen185
)
("C:\Users\yicha\AppData\Local\Programs\MiKTeX 2.9\tex/latex/base\textcomp.sty"
Package: textcomp 2020/02/02 v2.0n Standard LaTeX package
) ("C:\Users\yicha\AppData\Local\Programs\MiKTeX 2.9\tex/latex/was\gensymb.sty"
Package: gensymb 2003/07/02 v1.0 (WaS)
)
("C:\Users\yicha\AppData\Local\Programs\MiKTeX 2.9\tex/latex/amsfonts\amssymb.s
ty"
Package: amssymb 2013/01/14 v3.01 AMS font symbols

("C:\Users\yicha\AppData\Local\Programs\MiKTeX 2.9\tex/latex/amsfonts\amsfonts.
sty"
Package: amsfonts 2013/01/14 v3.01 Basic AMSFonts support
\symAMSa=\mathgroup7
\symAMSb=\mathgroup8
LaTeX Font Info:    Redeclaring math symbol \hbar on input line 98.
LaTeX Font Info:    Overwriting math alphabet `\mathfrak' in version `bold'
(Font)                  U/euf/m/n --> U/euf/b/n on input line 106.
))
("C:\Users\yicha\AppData\Local\Programs\MiKTeX 2.9\tex/latex/siunitx\siunitx.st
y"
("C:\Users\yicha\AppData\Local\Programs\MiKTeX 2.9\tex/latex/l3kernel\expl3.sty
"
Package: expl3 2020-09-03 L3 programming layer (loader) 

("C:\Users\yicha\AppData\Local\Programs\MiKTeX 2.9\tex/latex/l3backend\l3backen
d-pdftex.def"
File: l3backend-pdftex.def 2020-09-01 L3 backend support: PDF output (pdfTeX)
\l__kernel_color_stack_int=\count279
\l__pdf_internal_box=\box63
))
("C:\Users\yicha\AppData\Local\Programs\MiKTeX 2.9\tex/latex/l3packages/xparse\
xparse.sty"
Package: xparse 2020-05-15 L3 Experimental document command parser

("C:\Users\yicha\AppData\Local\Programs\MiKTeX 2.9\tex/latex/l3packages/xparse\
xparse-generic.tex"
\l__xparse_current_arg_int=\count280
\g__xparse_grabber_int=\count281
\l__xparse_m_args_int=\count282
\l__xparse_v_nesting_int=\count283
))
Package: siunitx 2020/02/25 v2.8b A comprehensive (SI) units package

("C:\Users\yicha\AppData\Local\Programs\MiKTeX 2.9\tex/latex/l3packages/l3keys2
e\l3keys2e.sty"
Package: l3keys2e 2020-05-15 LaTeX2e option processing using LaTeX3 keys
)
\l__siunitx_tmp_box=\box64
\l__siunitx_tmp_dim=\dimen186
\l__siunitx_tmp_int=\count284
\l__siunitx_number_mantissa_length_int=\count285
\l__siunitx_number_uncert_length_int=\count286
\l__siunitx_round_int=\count287
\l__siunitx_process_decimal_int=\count288
\l__siunitx_process_uncertainty_int=\count289
\l__siunitx_process_fixed_int=\count290
\l__siunitx_process_integer_min_int=\count291
\l__siunitx_process_precision_int=\count292
\l__siunitx_group_min_int=\count293
\l__siunitx_angle_marker_box=\box65
\l__siunitx_angle_unit_box=\box66
\l__siunitx_angle_marker_dim=\dimen187
\l__siunitx_angle_unit_dim=\dimen188
\l__siunitx_unit_int=\count294
\l__siunitx_unit_denominator_int=\count295
\l__siunitx_unit_numerator_int=\count296
\l__siunitx_unit_prefix_int=\count297
\l__siunitx_unit_prefix_base_int=\count298
\l__siunitx_unit_prefix_gram_int=\count299
\l__siunitx_number_product_int=\count300
\c__siunitx_one_fill_skip=\skip89
\l__siunitx_table_unit_align_skip=\skip90
\l__siunitx_table_exponent_dim=\dimen189
\l__siunitx_table_integer_dim=\dimen190
\l__siunitx_table_mantissa_dim=\dimen191
\l__siunitx_table_marker_dim=\dimen192
\l__siunitx_table_result_dim=\dimen193
\l__siunitx_table_uncert_dim=\dimen194
\l__siunitx_table_fill_pre_dim=\dimen195
\l__siunitx_table_fill_post_dim=\dimen196
\l__siunitx_table_fill_mid_dim=\dimen197
\l__siunitx_table_pre_box=\box67
\l__siunitx_table_post_box=\box68
\l__siunitx_table_mantissa_box=\box69
\l__siunitx_table_result_box=\box70
\l__siunitx_table_number_align_skip=\skip91
\l__siunitx_table_text_align_skip=\skip92

("C:\Users\yicha\AppData\Local\Programs\MiKTeX 2.9\tex/latex/translator\transla
tor.sty"
Package: translator 2020-08-03 v1.12c Easy translation of strings in LaTeX
))
("C:\Users\yicha\AppData\Local\Programs\MiKTeX 2.9\tex/latex/units\units.sty"
Package: units 1998/08/04 v0.9b Typesetting units

("C:\Users\yicha\AppData\Local\Programs\MiKTeX 2.9\tex/latex/units\nicefrac.sty
"
Package: nicefrac 1998/08/04 v0.9b Nice fractions
\L@UnitsRaiseDisplaystyle=\skip93
\L@UnitsRaiseTextstyle=\skip94
\L@UnitsRaiseScriptstyle=\skip95
))
("C:\Users\yicha\AppData\Local\Programs\MiKTeX 2.9\tex/latex/comment\comment.st
y"
\CommentStream=\write3
 Excluding comment 'comment')
("C:\Users\yicha\AppData\Local\Programs\MiKTeX 2.9\tex/latex/url\url.sty"
\Urlmuskip=\muskip17
Package: url 2013/09/16  ver 3.4  Verb mode for urls, etc.
)
("C:\Users\yicha\AppData\Local\Programs\MiKTeX 2.9\tex/latex/xcolor\xcolor.sty"
Package: xcolor 2016/05/11 v2.12 LaTeX color extensions (UK)

("C:\Users\yicha\AppData\Local\Programs\MiKTeX 2.9\tex/latex/graphics-cfg\color
.cfg"
File: color.cfg 2016/01/02 v1.6 sample color configuration
)
Package xcolor Info: Driver file: pdftex.def on input line 225.
LaTeX Info: Redefining \color on input line 709.
Package xcolor Info: Model `cmy' substituted by `cmy0' on input line 1348.
Package xcolor Info: Model `hsb' substituted by `rgb' on input line 1352.
Package xcolor Info: Model `RGB' extended on input line 1364.
Package xcolor Info: Model `HTML' substituted by `rgb' on input line 1366.
Package xcolor Info: Model `Hsb' substituted by `hsb' on input line 1367.
Package xcolor Info: Model `tHsb' substituted by `hsb' on input line 1368.
Package xcolor Info: Model `HSB' substituted by `hsb' on input line 1369.
Package xcolor Info: Model `Gray' substituted by `gray' on input line 1370.
Package xcolor Info: Model `wave' substituted by `hsb' on input line 1371.
)
("C:\Users\yicha\AppData\Local\Programs\MiKTeX 2.9\tex/latex/hyperref\hyperref.
sty"
Package: hyperref 2020-05-15 v7.00e Hypertext links for LaTeX

("C:\Users\yicha\AppData\Local\Programs\MiKTeX 2.9\tex/generic/ltxcmds\ltxcmds.
sty"
Package: ltxcmds 2020-05-10 v1.25 LaTeX kernel commands for general use (HO)
)
("C:\Users\yicha\AppData\Local\Programs\MiKTeX 2.9\tex/generic/iftex\iftex.sty"
Package: iftex 2020/03/06 v1.0d TeX engine tests
)
("C:\Users\yicha\AppData\Local\Programs\MiKTeX 2.9\tex/generic/pdftexcmds\pdfte
xcmds.sty"
Package: pdftexcmds 2020-06-27 v0.33 Utility functions of pdfTeX for LuaTeX (HO
)

("C:\Users\yicha\AppData\Local\Programs\MiKTeX 2.9\tex/generic/infwarerr\infwar
err.sty"
Package: infwarerr 2019/12/03 v1.5 Providing info/warning/error messages (HO)
)
Package pdftexcmds Info: \pdf@primitive is available.
Package pdftexcmds Info: \pdf@ifprimitive is available.
Package pdftexcmds Info: \pdfdraftmode found.
)
("C:\Users\yicha\AppData\Local\Programs\MiKTeX 2.9\tex/generic/kvsetkeys\kvsetk
eys.sty"
Package: kvsetkeys 2019/12/15 v1.18 Key value parser (HO)
)
("C:\Users\yicha\AppData\Local\Programs\MiKTeX 2.9\tex/generic/kvdefinekeys\kvd
efinekeys.sty"
Package: kvdefinekeys 2019-12-19 v1.6 Define keys (HO)
)
("C:\Users\yicha\AppData\Local\Programs\MiKTeX 2.9\tex/generic/pdfescape\pdfesc
ape.sty"
Package: pdfescape 2019/12/09 v1.15 Implements pdfTeX's escape features (HO)
)
("C:\Users\yicha\AppData\Local\Programs\MiKTeX 2.9\tex/latex/hycolor\hycolor.st
y"
Package: hycolor 2020-01-27 v1.10 Color options for hyperref/bookmark (HO)
)
("C:\Users\yicha\AppData\Local\Programs\MiKTeX 2.9\tex/latex/letltxmacro\letltx
macro.sty"
Package: letltxmacro 2019/12/03 v1.6 Let assignment for LaTeX macros (HO)
)
("C:\Users\yicha\AppData\Local\Programs\MiKTeX 2.9\tex/latex/auxhook\auxhook.st
y"
Package: auxhook 2019-12-17 v1.6 Hooks for auxiliary files (HO)
)
("C:\Users\yicha\AppData\Local\Programs\MiKTeX 2.9\tex/latex/kvoptions\kvoption
s.sty"
Package: kvoptions 2020-10-07 v3.14 Key value format for package options (HO)
)
\@linkdim=\dimen198
\Hy@linkcounter=\count301
\Hy@pagecounter=\count302

("C:\Users\yicha\AppData\Local\Programs\MiKTeX 2.9\tex/latex/hyperref\pd1enc.de
f"
File: pd1enc.def 2020-05-15 v7.00e Hyperref: PDFDocEncoding definition (HO)
Now handling font encoding PD1 ...
... no UTF-8 mapping file for font encoding PD1
)
("C:\Users\yicha\AppData\Local\Programs\MiKTeX 2.9\tex/generic/intcalc\intcalc.
sty"
Package: intcalc 2019/12/15 v1.3 Expandable calculations with integers (HO)
)
("C:\Users\yicha\AppData\Local\Programs\MiKTeX 2.9\tex/generic/etexcmds\etexcmd
s.sty"
Package: etexcmds 2019/12/15 v1.7 Avoid name clashes with e-TeX commands (HO)
)
\Hy@SavedSpaceFactor=\count303
Package hyperref Info: Hyper figures OFF on input line 4464.
Package hyperref Info: Link nesting OFF on input line 4469.
Package hyperref Info: Hyper index ON on input line 4472.
Package hyperref Info: Plain pages OFF on input line 4479.
Package hyperref Info: Backreferencing ON on input line 4482.
Package hyperref Info: Implicit mode ON; LaTeX internals redefined.
Package hyperref Info: Bookmarks ON on input line 4717.

("C:\Users\yicha\AppData\Local\Programs\MiKTeX 2.9\tex/latex/hyperref\backref.s
ty"
Package: backref 2020/01/14 v1.40 Bibliographical back referencing

("C:\Users\yicha\AppData\Local\Programs\MiKTeX 2.9\tex/latex/rerunfilecheck\rer
unfilecheck.sty"
Package: rerunfilecheck 2019/12/05 v1.9 Rerun checks for auxiliary files (HO)

("C:\Users\yicha\AppData\Local\Programs\MiKTeX 2.9\tex/latex/atveryend\atveryen
d.sty"
Package: atveryend 2019-12-11 v1.11 Hooks at the very end of document (HO)
Package atveryend Info: \enddocument detected (standard20110627).
)
("C:\Users\yicha\AppData\Local\Programs\MiKTeX 2.9\tex/generic/uniquecounter\un
iquecounter.sty"
Package: uniquecounter 2019/12/15 v1.4 Provide unlimited unique counter (HO)

("C:\Users\yicha\AppData\Local\Programs\MiKTeX 2.9\tex/generic/bigintcalc\bigin
tcalc.sty"
Package: bigintcalc 2019/12/15 v1.5 Expandable calculations on big integers (HO
)
))
Package uniquecounter Info: New unique counter `rerunfilecheck' on input line 2
86.
))
\c@Hy@tempcnt=\count304
LaTeX Info: Redefining \url on input line 5076.
\XeTeXLinkMargin=\dimen199

("C:\Users\yicha\AppData\Local\Programs\MiKTeX 2.9\tex/generic/bitset\bitset.st
y"
Package: bitset 2019/12/09 v1.3 Handle bit-vector datatype (HO)
)
\Fld@menulength=\count305
\Field@Width=\dimen256
\Fld@charsize=\dimen257
Package hyperref Info: Hyper figures OFF on input line 6347.
Package hyperref Info: Link nesting OFF on input line 6352.
Package hyperref Info: Hyper index ON on input line 6355.
Package hyperref Info: backreferencing ON on input line 6360.
Package hyperref Info: Link coloring OFF on input line 6367.
Package hyperref Info: Link coloring with OCG OFF on input line 6372.
Package hyperref Info: PDF/A mode OFF on input line 6377.
LaTeX Info: Redefining \ref on input line 6417.
LaTeX Info: Redefining \pageref on input line 6421.

("C:\Users\yicha\AppData\Local\Programs\MiKTeX 2.9\tex/generic/atbegshi\atbegsh
i.sty"
Package: atbegshi 2019/12/05 v1.19 At begin shipout hook (HO)
)
\Hy@abspage=\count306
\c@Item=\count307
\c@Hfootnote=\count308
)
Package hyperref Info: Driver (autodetected): hpdftex.

("C:\Users\yicha\AppData\Local\Programs\MiKTeX 2.9\tex/latex/hyperref\hpdftex.d
ef"
File: hpdftex.def 2020-05-15 v7.00e Hyperref driver for pdfTeX
\Fld@listcount=\count309
\c@bookmark@seq@number=\count310
\Hy@SectionHShift=\skip96
)
Package hyperref Info: Option `colorlinks' set `true' on input line 74.
Package hyperref Info: Option `breaklinks' set `true' on input line 74.

("C:\Users\yicha\AppData\Local\Programs\MiKTeX 2.9\tex/latex/bookmark\bookmark.
sty"
Package: bookmark 2020-11-06 v1.29 PDF bookmarks (HO)

("C:\Users\yicha\AppData\Local\Programs\MiKTeX 2.9\tex/latex/bookmark\bkm-pdfte
x-2019-12-03.def"
File: bkm-pdftex.def 2019/12/03 v1.28 bookmark driver for pdfTeX (HO)
\BKM@id=\count311
))
("C:\Users\yicha\AppData\Local\Programs\MiKTeX 2.9\tex/latex/slashbox\slashbox.
sty"
slashbox style by K.Yasuoka, May 1993.
\@slashboxa=\box71
\@slashboxb=\box72
\@slashboxc=\box73
\@slashboxwd=\count312
\@slashboxht=\count313
\@slashsepl=\dimen258
\@slashsepr=\dimen259
)
("C:\Users\yicha\AppData\Local\Programs\MiKTeX 2.9\tex/latex/microtype\microtyp
e.sty"
Package: microtype 2021/03/14 v2.8c Micro-typographical refinements (RS)
\MT@toks=\toks29
\MT@count=\count314
LaTeX Info: Redefining \textls on input line 790.
\MT@outer@kern=\dimen260
LaTeX Info: Redefining \textmicrotypecontext on input line 1374.
\MT@listname@count=\count315

("C:\Users\yicha\AppData\Local\Programs\MiKTeX 2.9\tex/latex/microtype\microtyp
e-pdftex.def"
File: microtype-pdftex.def 2021/03/14 v2.8c Definitions specific to pdftex (RS)

LaTeX Info: Redefining \lsstyle on input line 915.
LaTeX Info: Redefining \lslig on input line 915.
\MT@outer@space=\skip97
)
Package microtype Info: Loading configuration file microtype.cfg.

("C:\Users\yicha\AppData\Local\Programs\MiKTeX 2.9\tex/latex/microtype\microtyp
e.cfg"
File: microtype.cfg 2021/03/14 v2.8c microtype main configuration file (RS)
))
("C:\Users\yicha\AppData\Local\Programs\MiKTeX 2.9\tex/latex/appendix\appendix.
sty"
Package: appendix 2020/02/08 v1.2c extra appendix facilities
\c@@pps=\count316
\c@@ppsavesec=\count317
\c@@ppsaveapp=\count318
)
\paramargin=\skip98
\figmargin=\skip99
\secmargin=\skip100
)
("C:\Users\yicha\AppData\Local\Programs\MiKTeX 2.9\tex/latex/titlesec\titlesec.
sty"
Package: titlesec 2021/07/05 v2.14 Sectioning titles
\ttl@box=\box74
\beforetitleunit=\skip101
\aftertitleunit=\skip102
\ttl@plus=\dimen261
\ttl@minus=\dimen262
\ttl@toksa=\toks30
\titlewidth=\dimen263
\titlewidthlast=\dimen264
\titlewidthfirst=\dimen265


Package titlesec Warning: Non standard sectioning command \paragraph
(titlesec)                detected. Using default spacing and no format.

) (thesis.aux)
\openout1 = `thesis.aux'.

LaTeX Font Info:    Checking defaults for OML/cmm/m/it on input line 36.
LaTeX Font Info:    ... okay on input line 36.
LaTeX Font Info:    Checking defaults for OMS/cmsy/m/n on input line 36.
LaTeX Font Info:    ... okay on input line 36.
LaTeX Font Info:    Checking defaults for OT1/cmr/m/n on input line 36.
LaTeX Font Info:    ... okay on input line 36.
LaTeX Font Info:    Checking defaults for T1/cmr/m/n on input line 36.
LaTeX Font Info:    ... okay on input line 36.
LaTeX Font Info:    Checking defaults for TS1/cmr/m/n on input line 36.
LaTeX Font Info:    ... okay on input line 36.
LaTeX Font Info:    Checking defaults for OMX/cmex/m/n on input line 36.
LaTeX Font Info:    ... okay on input line 36.
LaTeX Font Info:    Checking defaults for U/cmr/m/n on input line 36.
LaTeX Font Info:    ... okay on input line 36.
LaTeX Font Info:    Checking defaults for PD1/pdf/m/n on input line 36.
LaTeX Font Info:    ... okay on input line 36.
LaTeX Font Info:    Trying to load font information for OT1+ptm on input line 3
6.

("C:\Users\yicha\AppData\Local\Programs\MiKTeX 2.9\tex/latex/psnfss\ot1ptm.fd"
File: ot1ptm.fd 2001/06/04 font definitions for OT1/ptm.
)
("C:\Users\yicha\AppData\Local\Programs\MiKTeX 2.9\tex/context/base/mkii\supp-p
df.mkii"
[Loading MPS to PDF converter (version 2006.09.02).]
\scratchcounter=\count319
\scratchdimen=\dimen266
\scratchbox=\box75
\nofMPsegments=\count320
\nofMParguments=\count321
\everyMPshowfont=\toks31
\MPscratchCnt=\count322
\MPscratchDim=\dimen267
\MPnumerator=\count323
\makeMPintoPDFobject=\count324
\everyMPtoPDFconversion=\toks32
)
("C:\Users\yicha\AppData\Local\Programs\MiKTeX 2.9\tex/latex/epstopdf-pkg\epsto
pdf-base.sty"
Package: epstopdf-base 2020-01-24 v2.11 Base part for package epstopdf
Package epstopdf-base Info: Redefining graphics rule for `.eps' on input line 4
85.
)
("C:\Users\yicha\AppData\Local\Programs\MiKTeX 2.9\tex/latex/ragged2e\ragged2e.
sty"
Package: ragged2e 2021/02/05 v3.0 ragged2e Package

("C:\Users\yicha\AppData\Local\Programs\MiKTeX 2.9\tex/latex/ms\everysel.sty"
Package: everysel 2011/10/28 v1.2 EverySelectfont Package (MS)

ABD: EverySelectfont initializing macros
LaTeX Info: Redefining \selectfont on input line 126.
)
\CenteringLeftskip=\skip103
\RaggedLeftLeftskip=\skip104
\RaggedRightLeftskip=\skip105
\CenteringRightskip=\skip106
\RaggedLeftRightskip=\skip107
\RaggedRightRightskip=\skip108
\CenteringParfillskip=\skip109
\RaggedLeftParfillskip=\skip110
\RaggedRightParfillskip=\skip111
\JustifyingParfillskip=\skip112
\CenteringParindent=\skip113
\RaggedLeftParindent=\skip114
\RaggedRightParindent=\skip115
\JustifyingParindent=\skip116
)
\symgns@font=\mathgroup9
LaTeX Font Info:    Overwriting symbol font `gns@font' in version `bold'
(Font)                  TS1/ptm/m/n --> TS1/ptm/b/n on input line 36.
Package gensymb Info: Math companion symbols declared on input line 36.
LaTeX Info: Redefining \degree on input line 36.
LaTeX Info: Redefining \celsius on input line 36.
Package gensymb Info: Using text companion symbols for \degree, \celsius and \p
erthousand on input line 36.
LaTeX Info: Redefining \ohm on input line 36.
Package gensymb Info: Using \textohm for \ohm on input line 36.
Package gensymb Info: Using \textmu for \micro on input line 36.

("C:\Users\yicha\AppData\Local\Programs\MiKTeX 2.9\tex/latex/translator\transla
tor-basic-dictionary-English.dict"
Dictionary: translator-basic-dictionary, Language: English 
)
("C:\Users\yicha\AppData\Local\Programs\MiKTeX 2.9\tex/latex/siunitx\siunitx-ab
breviations.cfg"
File: siunitx-abbreviations.cfg 2017/11/26 v2.7k siunitx: Abbreviated units
)
\AtBeginShipoutBox=\box76
Package hyperref Info: Link coloring ON on input line 36.

("C:\Users\yicha\AppData\Local\Programs\MiKTeX 2.9\tex/latex/hyperref\nameref.s
ty"
Package: nameref 2019/09/16 v2.46 Cross-referencing by name of section

("C:\Users\yicha\AppData\Local\Programs\MiKTeX 2.9\tex/latex/refcount\refcount.
sty"
Package: refcount 2019/12/15 v3.6 Data extraction from label references (HO)
)
("C:\Users\yicha\AppData\Local\Programs\MiKTeX 2.9\tex/generic/gettitlestring\g
ettitlestring.sty"
Package: gettitlestring 2019/12/15 v1.6 Cleanup title references (HO)
)
\c@section@level=\count325
)
LaTeX Info: Redefining \ref on input line 36.
LaTeX Info: Redefining \pageref on input line 36.
LaTeX Info: Redefining \nameref on input line 36.
LaTeX Info: Redefining \microtypecontext on input line 36.
Package microtype Info: Generating PDF output.
Package microtype Info: Character protrusion enabled (level 2).
Package microtype Info: Using default protrusion set `alltext'.
Package microtype Info: Automatic font expansion enabled (level 2),
(microtype)             stretch: 20, shrink: 20, step: 1, non-selected.
Package microtype Info: Using default expansion set `alltext-nott'.
LaTeX Info: Redefining \showhyphens on input line 36.
Package microtype Info: No adjustment of tracking.
Package microtype Info: No adjustment of interword spacing.
Package microtype Info: No adjustment of character kerning.

("C:\Users\yicha\AppData\Local\Programs\MiKTeX 2.9\tex/latex/microtype\mt-ptm.c
fg"
File: mt-ptm.cfg 2006/04/20 v1.7 microtype config. file: Times (RS)
)
LaTeX Font Info:    Trying to load font information for OT1+lmr on input line 3
6.
 ("C:\Users\yicha\AppData\Local\Programs\MiKTeX 2.9\tex/latex/lm\ot1lmr.fd"
File: ot1lmr.fd 2009/10/30 v1.6 Font defs for Latin Modern
)
("C:\Users\yicha\AppData\Local\Programs\MiKTeX 2.9\tex/latex/microtype\mt-cmr.c
fg"
File: mt-cmr.cfg 2013/05/19 v2.2 microtype config. file: Computer Modern Roman 
(RS)
)
LaTeX Font Info:    Trying to load font information for OML+lmm on input line 3
6.
 ("C:\Users\yicha\AppData\Local\Programs\MiKTeX 2.9\tex/latex/lm\omllmm.fd"
File: omllmm.fd 2009/10/30 v1.6 Font defs for Latin Modern
)
LaTeX Font Info:    Trying to load font information for OMS+lmsy on input line 
36.
 ("C:\Users\yicha\AppData\Local\Programs\MiKTeX 2.9\tex/latex/lm\omslmsy.fd"
File: omslmsy.fd 2009/10/30 v1.6 Font defs for Latin Modern
)
LaTeX Font Info:    Trying to load font information for OMX+lmex on input line 
36.

("C:\Users\yicha\AppData\Local\Programs\MiKTeX 2.9\tex/latex/lm\omxlmex.fd"
File: omxlmex.fd 2009/10/30 v1.6 Font defs for Latin Modern
)
LaTeX Font Info:    External font `lmex10' loaded for size
(Font)              <12> on input line 36.
LaTeX Font Info:    External font `lmex10' loaded for size
(Font)              <8> on input line 36.
LaTeX Font Info:    External font `lmex10' loaded for size
(Font)              <6> on input line 36.
LaTeX Font Info:    Trying to load font information for U+msa on input line 36.


("C:\Users\yicha\AppData\Local\Programs\MiKTeX 2.9\tex/latex/amsfonts\umsa.fd"
File: umsa.fd 2013/01/14 v3.01 AMS symbols A
)
("C:\Users\yicha\AppData\Local\Programs\MiKTeX 2.9\tex/latex/microtype\mt-msa.c
fg"
File: mt-msa.cfg 2006/02/04 v1.1 microtype config. file: AMS symbols (a) (RS)
)
LaTeX Font Info:    Trying to load font information for U+msb on input line 36.


("C:\Users\yicha\AppData\Local\Programs\MiKTeX 2.9\tex/latex/amsfonts\umsb.fd"
File: umsb.fd 2013/01/14 v3.01 AMS symbols B
)
("C:\Users\yicha\AppData\Local\Programs\MiKTeX 2.9\tex/latex/microtype\mt-msb.c
fg"
File: mt-msb.cfg 2005/06/01 v1.0 microtype config. file: AMS symbols (b) (RS)
)
LaTeX Font Info:    Trying to load font information for TS1+ptm on input line 3
6.

("C:\Users\yicha\AppData\Local\Programs\MiKTeX 2.9\tex/latex/psnfss\ts1ptm.fd"
File: ts1ptm.fd 2001/06/04 font definitions for TS1/ptm.
)
LaTeX Font Info:    Trying to load font information for OT1+lmss on input line 
36.
("C:\Users\yicha\AppData\Local\Programs\MiKTeX 2.9\tex/latex/lm\ot1lmss.fd"
File: ot1lmss.fd 2009/10/30 v1.6 Font defs for Latin Modern
)
Package microtype Info: Loading generic protrusion settings for font family
(microtype)             `lmss' (encoding: OT1).
(microtype)             For optimal results, create family-specific settings.
(microtype)             See the microtype manual for details.
LaTeX Font Info:    Trying to load font information for OT1+lmtt on input line 
36.

("C:\Users\yicha\AppData\Local\Programs\MiKTeX 2.9\tex/latex/lm\ot1lmtt.fd"
File: ot1lmtt.fd 2009/10/30 v1.6 Font defs for Latin Modern
)
Package microtype Info: Loading generic protrusion settings for font family
(microtype)             `lmtt' (encoding: OT1).
(microtype)             For optimal results, create family-specific settings.
(microtype)             See the microtype manual for details.

(Chapters/0_Abstract.tex) [1



\providecommand \oddpage@label [2]{}



{C:/Users/yicha/AppData/Local/MiKTeX/2.9/pdftex/config/pdftex.map}] (thesis.toc
[2

])
\tf@toc=\write4
\openout4 = `thesis.toc'.

 [3] (thesis.lof
LaTeX Font Info:    Trying to load font information for OMS+ptm on input line 1
7.

("C:\Users\yicha\AppData\Local\Programs\MiKTeX 2.9\tex/latex/psnfss\omsptm.fd"
File: omsptm.fd 
)
LaTeX Font Info:    Font shape `OMS/ptm/m/n' in size <12> not available
(Font)              Font shape `OMS/cmsy/m/n' tried instead on input line 17.
[4

]
Overfull \hbox (18.10886pt too wide) in paragraph at lines 24--24
 []$ \OT1/ptm/m/n/12 (-20) de-notes the real value mea-sured by F/T sen-sor. $[
]$, [$[]\OML/lmm/m/it/12 ; []; []; []; []; []$\OT1/ptm/m/n/12 (-20) ], 
 []


Underfull \vbox (badness 10000) has occurred while \output is active []

 [5]
Overfull \hbox (48.55482pt too wide) in paragraph at lines 36--36
 [][] [][][]\OT1/ptm/m/n/12 (-20) Flow chart of File Fee-drate Con-trol with De
n-ti-Bot. $[] []$, [$\OML/lmm/m/it/12 f[]; f[]; f[]; []; []; []$\OT1/ptm/m/n
/12 (-20) ] 
 []

[6] [7])
\tf@lof=\write5
\openout5 = `thesis.lof'.

 [8] (thesis.lot)
\tf@lot=\write6
\openout6 = `thesis.lot'.

 [9

] [10

] (Chapters/1_Introduction.tex
Chapter 1.
[1

]
<Images/endo-procedure.png, id=308, 451.6875pt x 406.51875pt>
File: Images/endo-procedure.png Graphic file (type png)
<use Images/endo-procedure.png>
Package pdftex.def Info: Images/endo-procedure.png  used on input line 17.
(pdftex.def)             Requested size: 292.35205pt x 263.12991pt.
 [2] [3 <./Images/endo-procedure.png>]
Underfull \vbox (badness 1629) has occurred while \output is active []

 [4]
[5] [6] [7] [8]) (Chapters/2_State-of-the-Art.tex [9]
Chapter 2.
<Images/hongkong_1.png, id=384, 721.19438pt x 416.30531pt>
File: Images/hongkong_1.png Graphic file (type png)
<use Images/hongkong_1.png>
Package pdftex.def Info: Images/hongkong_1.png  used on input line 10.
(pdftex.def)             Requested size: 272.86073pt x 157.50525pt.
[10

]
<Images/Japan.png, id=397, 837.1275pt x 551.81157pt>
File: Images/Japan.png Graphic file (type png)
<use Images/Japan.png>
Package pdftex.def Info: Images/Japan.png  used on input line 21.
(pdftex.def)             Requested size: 272.86073pt x 179.85867pt.
<Images/korea.png, id=402, 690.32906pt x 542.025pt>
File: Images/korea.png Graphic file (type png)
<use Images/korea.png>
Package pdftex.def Info: Images/korea.png  used on input line 31.
(pdftex.def)             Requested size: 272.86073pt x 214.24226pt.
 [11 <./Images/hongkong_1.png> <./Images/Japan.png>]
<Images/YOMI.png, id=414, 457.71pt x 339.51843pt>
File: Images/YOMI.png Graphic file (type png)
<use Images/YOMI.png>
Package pdftex.def Info: Images/YOMI.png  used on input line 42.
(pdftex.def)             Requested size: 311.84338pt x 231.32536pt.
 [12 <./Images/korea.png>] [13 <./Images/YOMI.png>]
<Images/patient_tracking.png, id=430, 490.9542pt x 512.1534pt>
File: Images/patient_tracking.png Graphic file (type png)
<use Images/patient_tracking.png>
Package pdftex.def Info: Images/patient_tracking.png  used on input line 51.
(pdftex.def)             Requested size: 331.3347pt x 345.64955pt.
 [14 <./Images/patient_tracking.png>]
<Images/NCTU_2.png, id=441, 628.59843pt x 587.94656pt>
File: Images/NCTU_2.png Graphic file (type png)
<use Images/NCTU_2.png>
Package pdftex.def Info: Images/NCTU_2.png  used on input line 62.
(pdftex.def)             Requested size: 370.31142pt x 346.35616pt.
 [15 <./Images/NCTU_2.png>]
<Images/NCTU_4.png, id=454, 475.02469pt x 235.63031pt>
File: Images/NCTU_4.png Graphic file (type png)
<use Images/NCTU_4.png>
Package pdftex.def Info: Images/NCTU_4.png  used on input line 74.
(pdftex.def)             Requested size: 331.3347pt x 164.36122pt.
<Images/NCTU_1.png, id=457, 392.21532pt x 399.74344pt>
File: Images/NCTU_1.png Graphic file (type png)
<use Images/NCTU_1.png>
Package pdftex.def Info: Images/NCTU_1.png  used on input line 83.
(pdftex.def)             Requested size: 214.3927pt x 218.51155pt.
<Images/NCTU_3.png, id=459, 383.93437pt x 319.1925pt>
File: Images/NCTU_3.png Graphic file (type png)
<use Images/NCTU_3.png>
Package pdftex.def Info: Images/NCTU_3.png  used on input line 91.
(pdftex.def)             Requested size: 233.88402pt x 194.44899pt.
 [16 <./Images/NCTU_4.png>] [17 <./Images/NCTU_1.png> <./Images/NCTU_3.png>])
("Chapters/3_Design and Analysis of the Dental Surgical Robot - DentiBot.tex"
[18]
Chapter 3.
[19

]
<Images/DentiBot.png, id=493, 999.735pt x 484.81125pt>
File: Images/DentiBot.png Graphic file (type png)
<use Images/DentiBot.png>
Package pdftex.def Info: Images/DentiBot.png  used on input line 14.
(pdftex.def)             Requested size: 389.80275pt x 189.03123pt.
<Images/modified_handpiece.png, id=496, 422.0568pt x 432.6564pt>
File: Images/modified_handpiece.png Graphic file (type png)
<use Images/modified_handpiece.png>
Package pdftex.def Info: Images/modified_handpiece.png  used on input line 23.
(pdftex.def)             Requested size: 272.86073pt x 279.72472pt.
 [20 <./Images/DentiBot.png>]
Underfull \vbox (badness 6252) has occurred while \output is active []

 [21 <./Images/modified_handpiece.png>] [22]
<Images/Coordinates.png, id=513, 532.389pt x 510.2262pt>
File: Images/Coordinates.png Graphic file (type png)
<use Images/Coordinates.png>
Package pdftex.def Info: Images/Coordinates.png  used on input line 40.
(pdftex.def)             Requested size: 331.3347pt x 317.5437pt.
 [23 <./Images/Coordinates.png>]
Underfull \vbox (badness 10000) has occurred while \output is active []

 [24]
LaTeX Font Info:    Font shape `OMS/ptm/b/n' in size <12> not available
(Font)              Font shape `OMS/cmsy/b/n' tried instead on input line 112.

[25] [26] [27] [28] [29] [30] [31] [32]
<Images/TCP.png, id=588, 560.3334pt x 491.436pt>
File: Images/TCP.png Graphic file (type png)
<use Images/TCP.png>
Package pdftex.def Info: Images/TCP.png  used on input line 608.
(pdftex.def)             Requested size: 272.86073pt x 239.3135pt.

Underfull \vbox (badness 10000) has occurred while \output is active []

 [33]
[34 <./Images/TCP.png>]
<Images/four point.png, id=603, 460.119pt x 460.119pt>
File: Images/four point.png Graphic file (type png)
<use Images/four point.png>
Package pdftex.def Info: Images/four point.png  used on input line 668.
(pdftex.def)             Requested size: 214.3927pt x 214.39543pt.
 [35] [36 <./Images/four point.png>]
<Images/TCP2.png, id=619, 566.115pt x 491.436pt>
File: Images/TCP2.png Graphic file (type png)
<use Images/TCP2.png>
Package pdftex.def Info: Images/TCP2.png  used on input line 728.
(pdftex.def)             Requested size: 272.86073pt x 236.86893pt.
<Images/rot_inf.png, id=620, 278.9622pt x 237.5274pt>
File: Images/rot_inf.png Graphic file (type png)
<use Images/rot_inf.png>
Package pdftex.def Info: Images/rot_inf.png  used on input line 736.
(pdftex.def)             Requested size: 233.88402pt x 199.14833pt.
 [37 <./Images/TCP2.png>] [38 <./Images/rot_inf.png>]) ("Chapters/4_Force-Guide
d Robot Alignment.tex" [39]
Chapter 4.
[40

]
<Images/gravity compensation.png, id=654, 558.4062pt x 273.6624pt>
File: Images/gravity compensation.png Graphic file (type png)
<use Images/gravity compensation.png>
Package pdftex.def Info: Images/gravity compensation.png  used on input line 16
.
(pdftex.def)             Requested size: 389.80275pt x 191.04039pt.

Underfull \vbox (badness 1629) has occurred while \output is active []

 [41]
[42 <./Images/gravity compensation.png>]
Underfull \vbox (badness 10000) has occurred while \output is active []

 [43]
[44]
Underfull \vbox (badness 10000) has occurred while \output is active []

 [45]
[46] [47]
Underfull \vbox (badness 2735) has occurred while \output is active []

 [48]
[49] [50]
Underfull \vbox (badness 10000) has occurred while \output is active []

 [51]
<Images/adm ctrl.png, id=739, 597.9138pt x 193.6836pt>
File: Images/adm ctrl.png Graphic file (type png)
<use Images/adm ctrl.png>
Package pdftex.def Info: Images/adm ctrl.png  used on input line 425.
(pdftex.def)             Requested size: 350.82008pt x 113.64282pt.

[52] [53 <./Images/adm ctrl.png>]
Underfull \vbox (badness 10000) has occurred while \output is active []

 [54]
[55] [56] [57]
<Images/sensor_comp 1.jpg, id=784, 249.5724pt x 173.448pt>
File: Images/sensor_comp 1.jpg Graphic file (type jpg)
<use Images/sensor_comp 1.jpg>
Package pdftex.def Info: Images/sensor_comp 1.jpg  used on input line 589.
(pdftex.def)             Requested size: 233.88402pt x 162.54886pt.
 [58]
<Images/sensor_comp 2.jpg, id=792, 199.4652pt x 162.8484pt>
File: Images/sensor_comp 2.jpg Graphic file (type jpg)
<use Images/sensor_comp 2.jpg>
Package pdftex.def Info: Images/sensor_comp 2.jpg  used on input line 609.
(pdftex.def)             Requested size: 253.3694pt x 206.86736pt.
 [59 <./Images/sensor_comp 1.jpg>] [60 <./Images/sensor_comp 2.jpg>]
<Images/sensor_comp 3.jpg, id=806, 560.3334pt x 491.436pt>
File: Images/sensor_comp 3.jpg Graphic file (type jpg)
<use Images/sensor_comp 3.jpg>
Package pdftex.def Info: Images/sensor_comp 3.jpg  used on input line 709.
(pdftex.def)             Requested size: 272.86073pt x 239.3135pt.
 [61] [62 <./Images/sensor_comp 3.jpg>]
<Images/mass spring.png, id=819, 426.59375pt x 194.7275pt>
File: Images/mass spring.png Graphic file (type png)
<use Images/mass spring.png>
Package pdftex.def Info: Images/mass spring.png  used on input line 726.
(pdftex.def)             Requested size: 214.3927pt x 97.86565pt.

Underfull \vbox (badness 10000) has occurred while \output is active []

 [63 <./Images/mass spring.png>]
<Images/holding_gesture.png, id=828, 734.745pt x 546.3612pt>
File: Images/holding_gesture.png Graphic file (type png)
<use Images/holding_gesture.png>
Package pdftex.def Info: Images/holding_gesture.png  used on input line 796.
(pdftex.def)             Requested size: 272.86073pt x 202.90079pt.
 [64]) ("Chapters/5_Control of Endodontic File Rotation.tex"
Underfull \vbox (badness 10000) has occurred while \output is active []

 [65 <./Images/holding_gesture.png>] [66] [67]
Chapter 5.
[68

]
<Images/Endodontic_File.png, id=856, 497.6994pt x 129.1224pt>
File: Images/Endodontic_File.png Graphic file (type png)
<use Images/Endodontic_File.png>
Package pdftex.def Info: Images/Endodontic_File.png  used on input line 15.
(pdftex.def)             Requested size: 389.80275pt x 101.13078pt.
 [69 <./Images/Endodontic_File.png>]
<Images/files.jpg, id=865, 1173.63469pt x 880.79062pt>
File: Images/files.jpg Graphic file (type jpg)
<use Images/files.jpg>
Package pdftex.def Info: Images/files.jpg  used on input line 38.
(pdftex.def)             Requested size: 272.86073pt x 204.76826pt.
 [70 <./Images/files.jpg>] [71]
<Images/Prototype.png, id=881, 847.0044pt x 522.753pt>
File: Images/Prototype.png Graphic file (type png)
<use Images/Prototype.png>
Package pdftex.def Info: Images/Prototype.png  used on input line 101.
(pdftex.def)             Requested size: 350.82008pt x 216.51569pt.

[72]
<Images/inverse_rotation.png, id=893, 472.76625pt x 574.145pt>
File: Images/inverse_rotation.png Graphic file (type png)
<use Images/inverse_rotation.png>
Package pdftex.def Info: Images/inverse_rotation.png  used on input line 112.
(pdftex.def)             Requested size: 253.3694pt x 307.70332pt.
 [73 <./Images/Prototype.png>]
Underfull \vbox (badness 1888) has occurred while \output is active []

 [74 <./Images/inverse_rotation.png>]
<Images/feedrate_control.png, id=906, 629.2308pt x 138.7584pt>
File: Images/feedrate_control.png Graphic file (type png)
<use Images/feedrate_control.png>
Package pdftex.def Info: Images/feedrate_control.png  used on input line 133.
(pdftex.def)             Requested size: 389.80275pt x 85.95944pt.
 [75]
<Images/feedrate_control_flow_chart.png, id=912, 543.02875pt x 512.91624pt>
File: Images/feedrate_control_flow_chart.png Graphic file (type png)
<use Images/feedrate_control_flow_chart.png>
Package pdftex.def Info: Images/feedrate_control_flow_chart.png  used on input 
line 154.
(pdftex.def)             Requested size: 311.84338pt x 294.56453pt.

Underfull \hbox (badness 1430) in paragraph at lines 156--156
[]\OT1/ptm/m/n/12 (+20) Figure 5.6: []Flow chart of File Fee-drate Con-trol wit
h Den-ti-Bot. $[] []$,
 []

[76 <./Images/feedrate_control.png>] [77 <./Images/feedrate_control_flow_chart.
png>]
<Images/combine.png, id=925, 470.2368pt x 419.6478pt>
File: Images/combine.png Graphic file (type png)
<use Images/combine.png>
Package pdftex.def Info: Images/combine.png  used on input line 167.
(pdftex.def)             Requested size: 233.88402pt x 208.72202pt.
<Images/algorithm.png, id=927, 482.2818pt x 467.8278pt>
File: Images/algorithm.png Graphic file (type png)
<use Images/algorithm.png>
Package pdftex.def Info: Images/algorithm.png  used on input line 176.
(pdftex.def)             Requested size: 389.80275pt x 378.13893pt.
) ("Chapters/6_Experiment Results.tex" [78 <./Images/combine.png>]
Underfull \vbox (badness 1466) has occurred while \output is active []

 [79 <./Images/algorithm.png>] [80]
Chapter 6.
<Images/EtherCAT.png, id=945, 455.7828pt x 308.352pt>
File: Images/EtherCAT.png Graphic file (type png)
<use Images/EtherCAT.png>
Package pdftex.def Info: Images/EtherCAT.png  used on input line 12.
(pdftex.def)             Requested size: 272.86073pt x 184.59857pt.
[81

]
<Images/GUI.png, id=951, 673.01437pt x 423.08063pt>
File: Images/GUI.png Graphic file (type png)
<use Images/GUI.png>
Package pdftex.def Info: Images/GUI.png  used on input line 19.
(pdftex.def)             Requested size: 389.80275pt x 245.04478pt.
<Images/System.jpg, id=953, 1174.3875pt x 1565.85pt>
File: Images/System.jpg Graphic file (type jpg)
<use Images/System.jpg>
Package pdftex.def Info: Images/System.jpg  used on input line 29.
(pdftex.def)             Requested size: 233.88402pt x 311.82645pt.
 [82 <./Images/EtherCAT.png>] [83 <./Images/GUI.png>] [84 <./Images/System.jpg>
] [85]
Overfull \hbox (1.69482pt too wide) in paragraph at lines 79--101
 [][] 
 []


Overfull \hbox (4.88951pt too wide) in paragraph at lines 110--135
 [][] 
 []


LaTeX Warning: Float too large for page by 2.44003pt on input line 135.

[86] [87] [88]
<Images/Exp1_motion planning.png, id=988, 764.8575pt x 865.2325pt>
File: Images/Exp1_motion planning.png Graphic file (type png)
<use Images/Exp1_motion planning.png>
Package pdftex.def Info: Images/Exp1_motion planning.png  used on input line 14
2.
(pdftex.def)             Requested size: 389.80275pt x 440.95909pt.
<Images/position command.png, id=991, 886.9938pt x 446.6286pt>
File: Images/position command.png Graphic file (type png)
<use Images/position command.png>
Package pdftex.def Info: Images/position command.png  used on input line 161.
(pdftex.def)             Requested size: 389.80275pt x 196.27866pt.
 [89] [90 <./Images/Exp1_motion planning.png>] [91 <./Images/position command.p
ng>]
Underfull \vbox (badness 10000) has occurred while \output is active []

 [92]
Package epstopdf Info: Source file: <Images/exp/trajectory.eps>
(epstopdf)                    date: 2021-07-12 11:30:21
(epstopdf)                    size: 56172937 bytes
(epstopdf)             Output file: <Images/exp/trajectory-eps-converted-to.pdf
>
(epstopdf)                    date: 2021-07-12 11:42:40
(epstopdf)                    size: 236521 bytes
(epstopdf)             Command: <epstopdf --outfile=Images/exp/trajectory-eps-c
onverted-to.pdf Images/exp/trajectory.eps>
(epstopdf)             \includegraphics on input line 206.
Package epstopdf Info: Output file is already uptodate.


pdfTeX warning: pdflatex (file ./Images/exp/trajectory-eps-converted-to.pdf): P
DF inclusion: found PDF version <1.7>, but at most version <1.5> allowed
<Images/exp/trajectory-eps-converted-to.pdf, id=1015, 423.5825pt x 318.18875pt>

File: Images/exp/trajectory-eps-converted-to.pdf Graphic file (type pdf)
<use Images/exp/trajectory-eps-converted-to.pdf>
Package pdftex.def Info: Images/exp/trajectory-eps-converted-to.pdf  used on in
put line 206.
(pdftex.def)             Requested size: 350.82008pt x 263.53824pt.
[93]
Underfull \vbox (badness 10000) has occurred while \output is active []

 [94 <./Images/exp/trajectory-eps-converted-to.pdf>]
Package epstopdf Info: Source file: <Images/exp/ConfigA_1.eps>
(epstopdf)                    date: 2021-07-12 14:10:54
(epstopdf)                    size: 2583470 bytes
(epstopdf)             Output file: <Images/exp/ConfigA_1-eps-converted-to.pdf>

(epstopdf)                    date: 2021-07-12 14:12:37
(epstopdf)                    size: 669140 bytes
(epstopdf)             Command: <epstopdf --outfile=Images/exp/ConfigA_1-eps-co
nverted-to.pdf Images/exp/ConfigA_1.eps>
(epstopdf)             \includegraphics on input line 222.
Package epstopdf Info: Output file is already uptodate.


pdfTeX warning: pdflatex (file ./Images/exp/ConfigA_1-eps-converted-to.pdf): PD
F inclusion: found PDF version <1.7>, but at most version <1.5> allowed
<Images/exp/ConfigA_1-eps-converted-to.pdf, id=1034, 438.63875pt x 953.5625pt>
File: Images/exp/ConfigA_1-eps-converted-to.pdf Graphic file (type pdf)
<use Images/exp/ConfigA_1-eps-converted-to.pdf>
Package pdftex.def Info: Images/exp/ConfigA_1-eps-converted-to.pdf  used on inp
ut line 222.
(pdftex.def)             Requested size: 272.86073pt x 593.18147pt.

LaTeX Warning: Float too large for page by 36.97766pt on input line 226.

Package epstopdf Info: Source file: <Images/exp/ConfigB_1.eps>
(epstopdf)                    date: 2021-07-12 14:10:58
(epstopdf)                    size: 2541102 bytes
(epstopdf)             Output file: <Images/exp/ConfigB_1-eps-converted-to.pdf>

(epstopdf)                    date: 2021-07-12 14:12:39
(epstopdf)                    size: 669133 bytes
(epstopdf)             Command: <epstopdf --outfile=Images/exp/ConfigB_1-eps-co
nverted-to.pdf Images/exp/ConfigB_1.eps>
(epstopdf)             \includegraphics on input line 230.
Package epstopdf Info: Output file is already uptodate.


pdfTeX warning: pdflatex (file ./Images/exp/ConfigB_1-eps-converted-to.pdf): PD
F inclusion: found PDF version <1.7>, but at most version <1.5> allowed
<Images/exp/ConfigB_1-eps-converted-to.pdf, id=1035, 440.64626pt x 953.5625pt>
File: Images/exp/ConfigB_1-eps-converted-to.pdf Graphic file (type pdf)
<use Images/exp/ConfigB_1-eps-converted-to.pdf>
Package pdftex.def Info: Images/exp/ConfigB_1-eps-converted-to.pdf  used on inp
ut line 230.
(pdftex.def)             Requested size: 272.86073pt x 590.48969pt.

LaTeX Warning: Float too large for page by 34.28587pt on input line 234.

Package epstopdf Info: Source file: <Images/exp/ConfigC_1.eps>
(epstopdf)                    date: 2021-07-12 14:11:04
(epstopdf)                    size: 2564010 bytes
(epstopdf)             Output file: <Images/exp/ConfigC_1-eps-converted-to.pdf>

(epstopdf)                    date: 2021-07-12 14:12:42
(epstopdf)                    size: 681814 bytes
(epstopdf)             Command: <epstopdf --outfile=Images/exp/ConfigC_1-eps-co
nverted-to.pdf Images/exp/ConfigC_1.eps>
(epstopdf)             \includegraphics on input line 238.
Package epstopdf Info: Output file is already uptodate.


pdfTeX warning: pdflatex (file ./Images/exp/ConfigC_1-eps-converted-to.pdf): PD
F inclusion: found PDF version <1.7>, but at most version <1.5> allowed
<Images/exp/ConfigC_1-eps-converted-to.pdf, id=1036, 440.64626pt x 953.5625pt>
File: Images/exp/ConfigC_1-eps-converted-to.pdf Graphic file (type pdf)
<use Images/exp/ConfigC_1-eps-converted-to.pdf>
Package pdftex.def Info: Images/exp/ConfigC_1-eps-converted-to.pdf  used on inp
ut line 238.
(pdftex.def)             Requested size: 272.86073pt x 590.48969pt.

LaTeX Warning: Float too large for page by 34.28587pt on input line 242.


Underfull \vbox (badness 10000) has occurred while \output is active []

 [95]
[96 <./Images/exp/ConfigA_1-eps-converted-to.pdf>] [97 <./Images/exp/ConfigB_1-
eps-converted-to.pdf>] [98 <./Images/exp/ConfigC_1-eps-converted-to.pdf>]
<Images/exp/zoom_in.png, id=1162, 264.23718pt x 264.99pt>
File: Images/exp/zoom_in.png Graphic file (type png)
<use Images/exp/zoom_in.png>
Package pdftex.def Info: Images/exp/zoom_in.png  used on input line 248.
(pdftex.def)             Requested size: 233.88402pt x 234.5505pt.
Package epstopdf Info: Source file: <Images/exp/ConfigA_2.eps>
(epstopdf)                    date: 2021-07-12 11:05:07
(epstopdf)                    size: 1417945 bytes
(epstopdf)             Output file: <Images/exp/ConfigA_2-eps-converted-to.pdf>

(epstopdf)                    date: 2021-07-12 11:06:43
(epstopdf)                    size: 409839 bytes
(epstopdf)             Command: <epstopdf --outfile=Images/exp/ConfigA_2-eps-co
nverted-to.pdf Images/exp/ConfigA_2.eps>
(epstopdf)             \includegraphics on input line 257.
Package epstopdf Info: Output file is already uptodate.


pdfTeX warning: pdflatex (file ./Images/exp/ConfigA_2-eps-converted-to.pdf): PD
F inclusion: found PDF version <1.7>, but at most version <1.5> allowed
<Images/exp/ConfigA_2-eps-converted-to.pdf, id=1163, 429.605pt x 962.59625pt>
File: Images/exp/ConfigA_2-eps-converted-to.pdf Graphic file (type pdf)
<use Images/exp/ConfigA_2-eps-converted-to.pdf>
Package pdftex.def Info: Images/exp/ConfigA_2-eps-converted-to.pdf  used on inp
ut line 257.
(pdftex.def)             Requested size: 272.86073pt x 611.38872pt.

LaTeX Warning: Float too large for page by 28.6449pt on input line 261.

Package epstopdf Info: Source file: <Images/exp/ConfigB_2.eps>
(epstopdf)                    date: 2021-07-12 11:05:11
(epstopdf)                    size: 1396803 bytes
(epstopdf)             Output file: <Images/exp/ConfigB_2-eps-converted-to.pdf>

(epstopdf)                    date: 2021-07-12 11:06:45
(epstopdf)                    size: 403210 bytes
(epstopdf)             Command: <epstopdf --outfile=Images/exp/ConfigB_2-eps-co
nverted-to.pdf Images/exp/ConfigB_2.eps>
(epstopdf)             \includegraphics on input line 265.
Package epstopdf Info: Output file is already uptodate.


pdfTeX warning: pdflatex (file ./Images/exp/ConfigB_2-eps-converted-to.pdf): PD
F inclusion: found PDF version <1.7>, but at most version <1.5> allowed
<Images/exp/ConfigB_2-eps-converted-to.pdf, id=1164, 429.605pt x 962.59625pt>
File: Images/exp/ConfigB_2-eps-converted-to.pdf Graphic file (type pdf)
<use Images/exp/ConfigB_2-eps-converted-to.pdf>
Package pdftex.def Info: Images/exp/ConfigB_2-eps-converted-to.pdf  used on inp
ut line 265.
(pdftex.def)             Requested size: 272.86073pt x 611.38872pt.

LaTeX Warning: Float too large for page by 28.6449pt on input line 269.

Package epstopdf Info: Source file: <Images/exp/ConfigC_2.eps>
(epstopdf)                    date: 2021-07-12 11:05:13
(epstopdf)                    size: 1365036 bytes
(epstopdf)             Output file: <Images/exp/ConfigC_2-eps-converted-to.pdf>

(epstopdf)                    date: 2021-07-12 11:06:47
(epstopdf)                    size: 392875 bytes
(epstopdf)             Command: <epstopdf --outfile=Images/exp/ConfigC_2-eps-co
nverted-to.pdf Images/exp/ConfigC_2.eps>
(epstopdf)             \includegraphics on input line 273.
Package epstopdf Info: Output file is already uptodate.


pdfTeX warning: pdflatex (file ./Images/exp/ConfigC_2-eps-converted-to.pdf): PD
F inclusion: found PDF version <1.7>, but at most version <1.5> allowed
<Images/exp/ConfigC_2-eps-converted-to.pdf, id=1165, 429.605pt x 962.59625pt>
File: Images/exp/ConfigC_2-eps-converted-to.pdf Graphic file (type pdf)
<use Images/exp/ConfigC_2-eps-converted-to.pdf>
Package pdftex.def Info: Images/exp/ConfigC_2-eps-converted-to.pdf  used on inp
ut line 273.
(pdftex.def)             Requested size: 272.86073pt x 611.38872pt.

LaTeX Warning: Float too large for page by 28.6449pt on input line 277.


Underfull \vbox (badness 1173) has occurred while \output is active []

 [99 <./Images/exp/zoom_in.png>] [100 <./Images/exp/ConfigA_2-eps-converted-to.
pdf>]
[101 <./Images/exp/ConfigB_2-eps-converted-to.pdf>] [102 <./Images/exp/ConfigC_
2-eps-converted-to.pdf>]
Package epstopdf Info: Source file: <Images/exp/ConfigA_3.eps>
(epstopdf)                    date: 2021-07-12 14:10:54
(epstopdf)                    size: 1343437 bytes
(epstopdf)             Output file: <Images/exp/ConfigA_3-eps-converted-to.pdf>

(epstopdf)                    date: 2021-07-12 14:12:44
(epstopdf)                    size: 377592 bytes
(epstopdf)             Command: <epstopdf --outfile=Images/exp/ConfigA_3-eps-co
nverted-to.pdf Images/exp/ConfigA_3.eps>
(epstopdf)             \includegraphics on input line 284.
Package epstopdf Info: Output file is already uptodate.


pdfTeX warning: pdflatex (file ./Images/exp/ConfigA_3-eps-converted-to.pdf): PD
F inclusion: found PDF version <1.7>, but at most version <1.5> allowed
<Images/exp/ConfigA_3-eps-converted-to.pdf, id=1292, 428.60126pt x 953.5625pt>
File: Images/exp/ConfigA_3-eps-converted-to.pdf Graphic file (type pdf)
<use Images/exp/ConfigA_3-eps-converted-to.pdf>
Package pdftex.def Info: Images/exp/ConfigA_3-eps-converted-to.pdf  used on inp
ut line 284.
(pdftex.def)             Requested size: 272.86073pt x 607.06233pt.

LaTeX Warning: Float too large for page by 24.31851pt on input line 288.

Package epstopdf Info: Source file: <Images/exp/ConfigB_3.eps>
(epstopdf)                    date: 2021-07-12 14:11:05
(epstopdf)                    size: 1313575 bytes
(epstopdf)             Output file: <Images/exp/ConfigB_3-eps-converted-to.pdf>

(epstopdf)                    date: 2021-07-12 14:12:46
(epstopdf)                    size: 369160 bytes
(epstopdf)             Command: <epstopdf --outfile=Images/exp/ConfigB_3-eps-co
nverted-to.pdf Images/exp/ConfigB_3.eps>
(epstopdf)             \includegraphics on input line 292.
Package epstopdf Info: Output file is already uptodate.


pdfTeX warning: pdflatex (file ./Images/exp/ConfigB_3-eps-converted-to.pdf): PD
F inclusion: found PDF version <1.7>, but at most version <1.5> allowed
<Images/exp/ConfigB_3-eps-converted-to.pdf, id=1293, 428.60126pt x 953.5625pt>
File: Images/exp/ConfigB_3-eps-converted-to.pdf Graphic file (type pdf)
<use Images/exp/ConfigB_3-eps-converted-to.pdf>
Package pdftex.def Info: Images/exp/ConfigB_3-eps-converted-to.pdf  used on inp
ut line 292.
(pdftex.def)             Requested size: 272.86073pt x 607.06233pt.

LaTeX Warning: Float too large for page by 24.31851pt on input line 296.

Package epstopdf Info: Source file: <Images/exp/ConfigC_3.eps>
(epstopdf)                    date: 2021-07-12 14:10:54
(epstopdf)                    size: 1288228 bytes
(epstopdf)             Output file: <Images/exp/ConfigC_3-eps-converted-to.pdf>

(epstopdf)                    date: 2021-07-12 14:12:48
(epstopdf)                    size: 360758 bytes
(epstopdf)             Command: <epstopdf --outfile=Images/exp/ConfigC_3-eps-co
nverted-to.pdf Images/exp/ConfigC_3.eps>
(epstopdf)             \includegraphics on input line 300.
Package epstopdf Info: Output file is already uptodate.


pdfTeX warning: pdflatex (file ./Images/exp/ConfigC_3-eps-converted-to.pdf): PD
F inclusion: found PDF version <1.7>, but at most version <1.5> allowed
<Images/exp/ConfigC_3-eps-converted-to.pdf, id=1294, 428.60126pt x 953.5625pt>
File: Images/exp/ConfigC_3-eps-converted-to.pdf Graphic file (type pdf)
<use Images/exp/ConfigC_3-eps-converted-to.pdf>
Package pdftex.def Info: Images/exp/ConfigC_3-eps-converted-to.pdf  used on inp
ut line 300.
(pdftex.def)             Requested size: 272.86073pt x 607.06233pt.

LaTeX Warning: Float too large for page by 24.31851pt on input line 304.

[103] [104 <./Images/exp/ConfigA_3-eps-converted-to.pdf>] [105 <./Images/exp/Co
nfigB_3-eps-converted-to.pdf>] [106 <./Images/exp/ConfigC_3-eps-converted-to.pd
f>]
<Images/autonomous.jpg, id=1418, 590.6868pt x 426.8748pt>
File: Images/autonomous.jpg Graphic file (type jpg)
<use Images/autonomous.jpg>
Package pdftex.def Info: Images/autonomous.jpg  used on input line 315.
(pdftex.def)             Requested size: 389.80275pt x 281.71217pt.
 [107 <./Images/autonomous.jpg>]
<Images/root_single.png, id=1424, 76.6062pt x 121.8954pt>
File: Images/root_single.png Graphic file (type png)
<use Images/root_single.png>
Package pdftex.def Info: Images/root_single.png  used on input line 333.
(pdftex.def)             Requested size: 58.46803pt x 93.0339pt.
<Images/exp/roots.png, id=1426, 548.2884pt x 274.1442pt>
File: Images/exp/roots.png Graphic file (type png)
<use Images/exp/roots.png>
Package pdftex.def Info: Images/exp/roots.png  used on input line 346.
(pdftex.def)             Requested size: 350.82008pt x 175.40984pt.
 [108 <./Images/root_single.png>] [109 <./Images/exp/roots.png>]) ("Chapters/7_
Conclusions and Future Works.tex" [110]
Chapter 7.
[111

] [112]) (Chapters/8_Appendix.tex [113] [114


]

Package hyperref Warning: Token not allowed in a PDF string (PDFDocEncoding):
(hyperref)                \hskip 12.0pt
(hyperref)                replaced by space on input line 6.

[115

]

Package hyperref Warning: Token not allowed in a PDF string (PDFDocEncoding):
(hyperref)                \hskip 12.0pt
(hyperref)                replaced by space on input line 47.


Underfull \hbox (badness 10000) in paragraph at lines 49--97

 []

[116]
Underfull \vbox (badness 10000) has occurred while \output is active []

 [117])
Overfull \hbox (22.06389pt too wide) in paragraph at lines 99--77
\OML/lmm/m/it/12 []C[]S[]S[]S[] \OMS/lmsy/m/n/12   \OML/lmm/m/it/12 []C[]S[]S
[]S[] \OMS/lmsy/m/n/12   \OML/lmm/m/it/12 []C[]S[]S[]S[] \OMS/lmsy/m/n/12   \O
ML/lmm/m/it/12 []C[]S[]S[]S[] \OMS/lmsy/m/n/12   \OML/lmm/m/it/12 []C[]S[]S[]
S[] \OMS/lmsy/m/n/12   \OML/lmm/m/it/12 []C[]S[]S[]S[] \OMS/lmsy/m/n/12  
 []


Overfull \hbox (29.97781pt too wide) in paragraph at lines 99--77
\OML/lmm/m/it/12 []C[]S[]S[]S[] \OMS/lmsy/m/n/12   \OML/lmm/m/it/12 []C[]S[]S
[]S[] \OMS/lmsy/m/n/12   \OML/lmm/m/it/12 []C[]S[]S[]S[] \OMS/lmsy/m/n/12   \O
ML/lmm/m/it/12 []C[]S[]S[]S[] \OMS/lmsy/m/n/12   \OML/lmm/m/it/12 C[]C[]C[]C[]
C[] \OT1/lmr/m/n/12 + \OML/lmm/m/it/12 C[]C[]C[]S[]S[] \OT1/lmr/m/n/12 +
 []


Overfull \hbox (27.75162pt too wide) in paragraph at lines 99--77
\OML/lmm/m/it/12 []C[]C[]C[]C[]S[] \OT1/lmr/m/n/12 + \OML/lmm/m/it/12 []C[]C[
]C[]C[]S[] \OT1/lmr/m/n/12 + \OML/lmm/m/it/12 []C[]C[]C[]C[]S[] \OT1/lmr/m/n/1
2 + \OML/lmm/m/it/12 []C[]C[]C[]C[]S[] \OT1/lmr/m/n/12 + \OML/lmm/m/it/12 []C
[]C[]C[]C[]S[] \OT1/lmr/m/n/12 +
 []


Overfull \hbox (14.39444pt too wide) in paragraph at lines 99--77
\OML/lmm/m/it/12 []C[]C[]C[]C[]S[] \OT1/lmr/m/n/12 + \OML/lmm/m/it/12 []C[]C[
]C[]C[]S[] \OMS/lmsy/m/n/12   \OML/lmm/m/it/12 []C[]C[]S[]S[]S[] \OMS/lmsy/m/n
/12   \OML/lmm/m/it/12 []C[]C[]S[]S[]S[] \OMS/lmsy/m/n/12   \OML/lmm/m/it/12 
[]C[]C[]S[]S[]S[]$ 
 []


Overfull \hbox (29.14458pt too wide) in paragraph at lines 99--77
\OML/lmm/m/it/12 []C[]C[]S[]S[] \OMS/lmsy/m/n/12   \OML/lmm/m/it/12 []C[]C[]S
[]S[] \OMS/lmsy/m/n/12   \OML/lmm/m/it/12 []C[]C[]S[]S[] \OMS/lmsy/m/n/12   \O
ML/lmm/m/it/12 []C[]C[]S[]S[] \OMS/lmsy/m/n/12   \OML/lmm/m/it/12 []C[]C[]S[]
S[] \OMS/lmsy/m/n/12   \OML/lmm/m/it/12 []C[]C[]S[]S[] \OMS/lmsy/m/n/12  
 []


Overfull \hbox (26.67076pt too wide) in paragraph at lines 99--77
\OML/lmm/m/it/12 []C[]C[]S[]S[] \OMS/lmsy/m/n/12   \OML/lmm/m/it/12 []C[]C[]S
[]S[] \OMS/lmsy/m/n/12   \OML/lmm/m/it/12 []C[]C[]S[]S[] \OMS/lmsy/m/n/12   \O
ML/lmm/m/it/12 []C[]C[]S[]S[] \OMS/lmsy/m/n/12   \OML/lmm/m/it/12 []C[]C[]S[]
S[] \OMS/lmsy/m/n/12   \OML/lmm/m/it/12 []C[]C[]S[]S[] \OT1/lmr/m/n/12 +
 []


Overfull \hbox (42.6648pt too wide) in paragraph at lines 99--77
\OML/lmm/m/it/12 []S[]S[]S[]S[] \OT1/lmr/m/n/12 + \OML/lmm/m/it/12 []S[]S[]S[
]S[] \OT1/lmr/m/n/12 + \OML/lmm/m/it/12 []S[]S[]S[]S[] \OT1/lmr/m/n/12 + \OML/
lmm/m/it/12 C[]C[]C[]C[]S[] \OMS/lmsy/m/n/12   \OML/lmm/m/it/12 C[]C[]S[]S[]S[]
 \OT1/lmr/m/n/12 + \OML/lmm/m/it/12 []C[]C[]C[]C[]C[] \OMS/lmsy/m/n/12  
 []


Overfull \hbox (25.10226pt too wide) in paragraph at lines 99--77
\OML/lmm/m/it/12 []C[]C[]C[]S[]S[] \OMS/lmsy/m/n/12   \OML/lmm/m/it/12 []C[]C
[]C[]S[]S[] \OMS/lmsy/m/n/12   \OML/lmm/m/it/12 []C[]C[]C[]S[]S[] \OMS/lmsy/m/
n/12   \OML/lmm/m/it/12 []C[]C[]C[]S[]S[] \OMS/lmsy/m/n/12   \OML/lmm/m/it/12 
[]C[]C[]C[]S[]S[] \OMS/lmsy/m/n/12  
 []


Overfull \hbox (16.67358pt too wide) in paragraph at lines 99--77
\OML/lmm/m/it/12 []C[]C[]S[]S[] \OT1/lmr/m/n/12 + \OML/lmm/m/it/12 []C[]C[]S[
]S[] \OT1/lmr/m/n/12 + \OML/lmm/m/it/12 []C[]C[]S[]S[] \OT1/lmr/m/n/12 + \OML/
lmm/m/it/12 []C[]C[]S[]S[] \OT1/lmr/m/n/12 + \OML/lmm/m/it/12 []C[]C[]S[]S[] 
\OMS/lmsy/m/n/12   \OML/lmm/m/it/12 []S[]S[]S[]S[]$ 
 []


Underfull \hbox (badness 10000) in paragraph at lines 99--77

 []

[118]
Underfull \vbox (badness 10000) has occurred while \output is active []

 [119]
Underfull \vbox (badness 10000) has occurred while \output is active []

 [120]
(thesis.bbl (thesis.brf)
\tf@brf=\write7
\openout7 = `thesis.brf'.

 [121]
Underfull \hbox (badness 10000) in paragraph at lines 33--33
\OT1/ptm/m/n/12 (+20) 2019, [][]$http : / / www . aeroc . org . tw / member / d
ownload / 1080107-[] % E5 % B0 %
 []


Underfull \hbox (badness 10000) in paragraph at lines 33--33
\OT1/ptm/m/n/12 (+20) 88 % E7 % A7 % 91 % E9 % 86 % AB % E5 % B8 % AB % E5 % 90
 % 8D % E5 % 96 %
 []


Underfull \hbox (badness 10000) in paragraph at lines 56--56
[]\OT1/ptm/m/n/12 (+20) ``Root canal pro-ce-dure, tower en-dodon-tics,'' 2020, 
[][]$https : / / www .
 []

[122

] [123] [124]
Underfull \hbox (badness 6047) in paragraph at lines 134--134
[]\OT1/ptm/m/n/12 (+20) ``Implant surgery with robotic guid-ance { dig-i-tal wo
rk-flows for
 []


Underfull \hbox (badness 10000) in paragraph at lines 134--134
\OT1/ptm/m/n/12 (+20) pa-tient care,'' 2019, [][]$https : / / www . oralhealthg
roup . com / features /
 []


Underfull \hbox (badness 10000) in paragraph at lines 134--134
\OT1/ptm/m/n/12 (+2) implant-[]surgery-[]with-[]robotic-[]guidance-[]digital-[]
workows-[]for-[]patient-[]care/$[][].
 []

[125] [126] [127])
Package atveryend Info: Empty hook `BeforeClearDocument' on input line 80.
 [128]
Package atveryend Info: Empty hook `AfterLastShipout' on input line 80.
 (thesis.aux)
Package atveryend Info: Executing hook `AtVeryEndDocument' on input line 80.
Package atveryend Info: Executing hook `AtEndAfterFileList' on input line 80.
Package rerunfilecheck Info: File `thesis.brf' has not changed.
(rerunfilecheck)             Checksum: 98869BCEC20A3A7A4ED8C8295D5E8EB7;2031.
Package atveryend Info: Empty hook `AtVeryVeryEnd' on input line 80.
 ) 
Here is how much of TeX's memory you used:
 16625 strings out of 481165
 298059 string characters out of 2902091
 607775 words of memory out of 3000000
 31172 multiletter control sequences out of 15000+200000
 596240 words of font info for 251 fonts, out of 3000000 for 9000
 1141 hyphenation exceptions out of 8191
 61i,27n,50p,1436b,887s stack positions out of 5000i,500n,10000p,200000b,50000s
{C:/Users/yicha/AppData/Local/Programs/MiKTeX 2.9/fonts/enc/dvips/lm/lm-mathi
t.enc}{C:/Users/yicha/AppData/Local/Programs/MiKTeX 2.9/fonts/enc/dvips/lm/lm-r
m.enc}{C:/Users/yicha/AppData/Local/Programs/MiKTeX 2.9/fonts/enc/dvips/lm/lm-m
athex.enc}{C:/Users/yicha/AppData/Local/Programs/MiKTeX 2.9/fonts/enc/dvips/lm/
lm-mathsy.enc}{C:/Users/yicha/AppData/Local/Programs/MiKTeX 2.9/fonts/enc/dvips
/base/8r.enc}<C:/Users/yicha/AppData/Local/Programs/MiKTeX 2.9/fonts/type1/publ
ic/amsfonts/cm/cmbsy10.pfb><C:/Users/yicha/AppData/Local/Programs/MiKTeX 2.9/fo
nts/type1/public/amsfonts/cm/cmsy10.pfb><C:/Users/yicha/AppData/Local/Programs/
MiKTeX 2.9/fonts/type1/public/lm/lmbx12.pfb><C:/Users/yicha/AppData/Local/Progr
ams/MiKTeX 2.9/fonts/type1/public/lm/lmbx8.pfb><C:/Users/yicha/AppData/Local/Pr
ograms/MiKTeX 2.9/fonts/type1/public/lm/lmex10.pfb><C:/Users/yicha/AppData/Loca
l/Programs/MiKTeX 2.9/fonts/type1/public/lm/lmmi12.pfb><C:/Users/yicha/AppData/
Local/Programs/MiKTeX 2.9/fonts/type1/public/lm/lmmi6.pfb><C:/Users/yicha/AppDa
ta/Local/Programs/MiKTeX 2.9/fonts/type1/public/lm/lmmi8.pfb><C:/Users/yicha/Ap
pData/Local/Programs/MiKTeX 2.9/fonts/type1/public/lm/lmmib10.pfb><C:/Users/yic
ha/AppData/Local/Programs/MiKTeX 2.9/fonts/type1/public/lm/lmr12.pfb><C:/Users/
yicha/AppData/Local/Programs/MiKTeX 2.9/fonts/type1/public/lm/lmr6.pfb><C:/User
s/yicha/AppData/Local/Programs/MiKTeX 2.9/fonts/type1/public/lm/lmr8.pfb><C:/Us
ers/yicha/AppData/Local/Programs/MiKTeX 2.9/fonts/type1/public/lm/lmsy10.pfb><C
:/Users/yicha/AppData/Local/Programs/MiKTeX 2.9/fonts/type1/public/lm/lmsy8.pfb
><C:/Users/yicha/AppData/Local/Programs/MiKTeX 2.9/fonts/type1/urw/times/utmb8a
.pfb><C:/Users/yicha/AppData/Local/Programs/MiKTeX 2.9/fonts/type1/urw/times/ut
mr8a.pfb><C:/Users/yicha/AppData/Local/Programs/MiKTeX 2.9/fonts/type1/urw/time
s/utmr8a.pfb><C:/Users/yicha/AppData/Local/Programs/MiKTeX 2.9/fonts/type1/urw/
times/utmri8a.pfb>
Output written on thesis.pdf (138 pages, 20798051 bytes).
PDF statistics:
 1829 PDF objects out of 2073 (max. 8388607)
 355 named destinations out of 1000 (max. 500000)
 64048 words of extra memory for PDF output out of 74296 (max. 10000000)

